#
# A fatal error has been detected by the Java Runtime Environment:
#
#  SIGSEGV (0xb) at pc=0x0000000118fc1eed, pid=26599, tid=12291
#
# JRE version: Java(TM) SE Runtime Environment (8.0_60-b27) (build 1.8.0_60-b27)
# Java VM: Java HotSpot(TM) 64-Bit Server VM (25.60-b23 mixed mode bsd-amd64 compressed oops)
# Problematic frame:
# C  [sqlite-3.8.11.2-08a51df6-4fc3-4be1-ad7b-0a1a1963c3e6-libsqlitejdbc.jnilib+0xdeed]  sqlite3_reset+0x3d
#
# Failed to write core dump. Core dumps have been disabled. To enable core dumping, try "ulimit -c unlimited" before starting Java again
#
# If you would like to submit a bug report, please visit:
#   http://bugreport.java.com/bugreport/crash.jsp
# The crash happened outside the Java Virtual Machine in native code.
# See problematic frame for where to report the bug.
#

---------------  T H R E A D  ---------------

Current thread (0x00007f9485008800):  JavaThread "Finalizer" daemon [_thread_in_native, id=12291, stack(0x0000700004c82000,0x0000700004d82000)]

siginfo: si_signo: 11 (SIGSEGV), si_code: 0 (unknown), si_addr: 0x0000000000000000

Registers:
RAX=0x9000000000000091, RBX=0x000000074114ca98, RCX=0x000000010e615310, RDX=0x00007f9486a540a0
RSP=0x0000700004d81720, RBP=0x0000700004d81740, RSI=0x0000700004d81780, RDI=0x00007f9486a540a0
R8 =0x00007f9486c0f540, R9 =0x00007f9486c0f580, R10=0x00007f9486c0f588, R11=0x00007f9486c0f584
R12=0x0000000000000000, R13=0x0000700004d817b0, R14=0x0000700004d81780, R15=0x00007f9485008800
RIP=0x0000000118fc1eed, EFLAGS=0x0000000000010206, ERR=0x0000000000000000
  TRAPNO=0x000000000000000d

Top of Stack: (sp=0x0000700004d81720)
0x0000700004d81720:   9000000000000091 00007f9486a540a0
0x0000700004d81730:   00007f9486a540a0 00007f9486a540a0
0x0000700004d81740:   0000700004d81770 0000000118fb6445
0x0000700004d81750:   0000700004d81780 00007f9486a540a0
0x0000700004d81760:   0000700004d81780 00007f94850089f8
0x0000700004d81770:   0000700004d817c0 000000011b879776
0x0000700004d81780:   000000074114ca98 00000001197a45c0
0x0000700004d81790:   0000000000000000 0000700004d817d8
0x0000700004d817a0:   0000700004d81820 000000074114b260
0x0000700004d817b0:   0000000000000009 0000000000000000
0x0000700004d817c0:   0000700004d81878 000000011b8039e4
0x0000700004d817d0:   000000011b5d5c4d 000000074114b260
0x0000700004d817e0:   0000700004d817e0 00000001197f0e61
0x0000700004d817f0:   0000700004d81830 000000074114b168
0x0000700004d81800:   0000000000000000 00000001197f0e80
0x0000700004d81810:   0000700004d81878 000000011b5d5c4d
0x0000700004d81820:   0000700004d81878 000000011b5d5c4d
0x0000700004d81830:   000000074114b168 0000700004d81838
0x0000700004d81840:   000000011980ddc1 0000700004d81888
0x0000700004d81850:   00000001198133f0 0000000000000000
0x0000700004d81860:   000000011980dde0 0000700004d81830
0x0000700004d81870:   0000700004d81890 0000000000000000
0x0000700004d81880:   000000011beb4e3c 000000074114b168
0x0000700004d81890:   000000074064f270 000000074064f290
0x0000700004d818a0:   00000007410e5ad0 000000074064f260
0x0000700004d818b0:   ffffffffe80c9e4c 000000074064f260
0x0000700004d818c0:   000000074064f270 0000000000000001
0x0000700004d818d0:   0000000000000029 00000000000000a7
0x0000700004d818e0:   0000700004d81948 000000011b5d5c4d
0x0000700004d818f0:   000000011b5d5c4d 000000074064f290
0x0000700004d81900:   00000007410e5ad0 0000700004d81908
0x0000700004d81910:   0000000113d1fb9d 0000700004d81968 

Instructions: (pc=0x0000000118fc1eed)
0x0000000118fc1ecd:   00 00 00 00 e9 73 00 00 00 48 8b 45 f8 48 89 45
0x0000000118fc1edd:   e8 48 8b 45 e8 48 8b 00 48 89 45 e0 48 8b 45 e0
0x0000000118fc1eed:   48 8b 78 18 e8 0a 67 ff ff 48 8b 45 e8 48 81 b8
0x0000000118fc1efd:   b8 00 00 00 00 00 00 00 0f 8e 0d 00 00 00 48 8b 

Register to memory mapping:

RAX=0x9000000000000091 is an unknown value
RBX=0x000000074114ca98 is an oop
org.sqlite.core.NativeDB 
 - klass: 'org/sqlite/core/NativeDB'
RCX=0x000000010e615310: UseMembar+0 in /Library/Java/JavaVirtualMachines/jdk1.8.0_60.jdk/Contents/Home/jre/lib/server/libjvm.dylib at 0x000000010de00000
RDX=0x00007f9486a540a0 is an unknown value
RSP=0x0000700004d81720 is pointing into the stack for thread: 0x00007f9485008800
RBP=0x0000700004d81740 is pointing into the stack for thread: 0x00007f9485008800
RSI=0x0000700004d81780 is pointing into the stack for thread: 0x00007f9485008800
RDI=0x00007f9486a540a0 is an unknown value
R8 =0x00007f9486c0f540 is an unknown value
R9 =0x00007f9486c0f580 is an unknown value
R10=0x00007f9486c0f588 is an unknown value
R11=0x00007f9486c0f584 is an unknown value
R12=0x0000000000000000 is an unknown value
R13=0x0000700004d817b0 is pointing into the stack for thread: 0x00007f9485008800
R14=0x0000700004d81780 is pointing into the stack for thread: 0x00007f9485008800
R15=0x00007f9485008800 is a thread


Stack: [0x0000700004c82000,0x0000700004d82000],  sp=0x0000700004d81720,  free space=1021k
Native frames: (J=compiled Java code, j=interpreted, Vv=VM code, C=native code)
C  [sqlite-3.8.11.2-08a51df6-4fc3-4be1-ad7b-0a1a1963c3e6-libsqlitejdbc.jnilib+0xdeed]  sqlite3_reset+0x3d
C  [sqlite-3.8.11.2-08a51df6-4fc3-4be1-ad7b-0a1a1963c3e6-libsqlitejdbc.jnilib+0x2445]  Java_org_sqlite_core_NativeDB_reset+0x25
J 4995  org.sqlite.core.NativeDB.reset(J)I (0 bytes) @ 0x000000011b879776 [0x000000011b879600+0x176]
J 4986 C1 org.sqlite.core.CoreResultSet.close()V (110 bytes) @ 0x000000011b8039e4 [0x000000011b8037a0+0x244]
j  org.sqlite.jdbc3.JDBC3ResultSet.finalize()V+1
J 3622 C2 java.lang.ref.Finalizer.access$100(Ljava/lang/ref/Finalizer;Lsun/misc/JavaLangAccess;)V (6 bytes) @ 0x000000011beb4e3c [0x000000011beb4c60+0x1dc]
j  java.lang.ref.Finalizer$FinalizerThread.run()V+45
v  ~StubRoutines::call_stub
V  [libjvm.dylib+0x2eab0e]
V  [libjvm.dylib+0x2eb29c]
V  [libjvm.dylib+0x2eb448]
V  [libjvm.dylib+0x345965]
V  [libjvm.dylib+0x5612d3]
V  [libjvm.dylib+0x5629ce]
V  [libjvm.dylib+0x48343a]
C  [libsystem_pthread.dylib+0x3aab]  _pthread_body+0xb4
C  [libsystem_pthread.dylib+0x39f7]  _pthread_body+0x0
C  [libsystem_pthread.dylib+0x3221]  thread_start+0xd
C  0x0000000000000000

Java frames: (J=compiled Java code, j=interpreted, Vv=VM code)
J 4995  org.sqlite.core.NativeDB.reset(J)I (0 bytes) @ 0x000000011b879638 [0x000000011b879600+0x38]
J 4986 C1 org.sqlite.core.CoreResultSet.close()V (110 bytes) @ 0x000000011b8039e4 [0x000000011b8037a0+0x244]
j  org.sqlite.jdbc3.JDBC3ResultSet.finalize()V+1
J 3622 C2 java.lang.ref.Finalizer.access$100(Ljava/lang/ref/Finalizer;Lsun/misc/JavaLangAccess;)V (6 bytes) @ 0x000000011beb4e3c [0x000000011beb4c60+0x1dc]
j  java.lang.ref.Finalizer$FinalizerThread.run()V+45
v  ~StubRoutines::call_stub

---------------  P R O C E S S  ---------------

Java Threads: ( => current thread )
  0x00007f949343b000 JavaThread "Secondary finalizer" [_thread_in_native, id=26635, stack(0x0000700004467000,0x0000700004567000)]
  0x00007f9492394800 JavaThread "Thread-9" [_thread_blocked, id=23815, stack(0x0000700006753000,0x0000700006853000)]
  0x00007f9485098000 JavaThread "http-nio-8080-AsyncTimeout" daemon [_thread_blocked, id=26887, stack(0x000070000603e000,0x000070000613e000)]
  0x00007f948499f000 JavaThread "DestroyJavaVM" [_thread_blocked, id=6915, stack(0x000070000456d000,0x000070000466d000)]
  0x00007f94857c8000 JavaThread "Live Reload Server" daemon [_thread_in_native, id=22791, stack(0x0000700005c32000,0x0000700005d32000)]
  0x00007f9484952800 JavaThread "Monitor Ctrl-Break" daemon [_thread_in_native, id=19459, stack(0x000070000541a000,0x000070000551a000)]
  0x00007f9485047800 JavaThread "Service Thread" daemon [_thread_blocked, id=18435, stack(0x0000700005214000,0x0000700005314000)]
  0x00007f9485800800 JavaThread "C1 CompilerThread2" daemon [_thread_blocked, id=17923, stack(0x0000700005111000,0x0000700005211000)]
  0x00007f9484864800 JavaThread "C2 CompilerThread1" daemon [_thread_in_native, id=17411, stack(0x000070000500e000,0x000070000510e000)]
  0x00007f9485046800 JavaThread "C2 CompilerThread0" daemon [_thread_in_native, id=16899, stack(0x0000700004f0b000,0x000070000500b000)]
  0x00007f9484864000 JavaThread "Signal Dispatcher" daemon [_thread_blocked, id=16387, stack(0x0000700004e08000,0x0000700004f08000)]
=>0x00007f9485008800 JavaThread "Finalizer" daemon [_thread_in_native, id=12291, stack(0x0000700004c82000,0x0000700004d82000)]
  0x00007f9486002000 JavaThread "Reference Handler" daemon [_thread_blocked, id=11779, stack(0x0000700004b7f000,0x0000700004c7f000)]

Other Threads:
  0x00007f9484849800 VMThread [stack: 0x0000700004a7c000,0x0000700004b7c000] [id=11267]
  0x00007f9486014800 WatcherThread [stack: 0x0000700005317000,0x0000700005417000] [id=18947]

VM state:not at safepoint (normal execution)

VM Mutex/Monitor currently owned by a thread: None

Heap:
 PSYoungGen      total 346624K, used 4282K [0x0000000795580000, 0x00000007ac400000, 0x00000007c0000000)
  eden space 342528K, 1% used [0x0000000795580000,0x00000007959ae878,0x00000007aa400000)
  from space 4096K, 0% used [0x00000007aa400000,0x00000007aa400000,0x00000007aa800000)
  to   space 16384K, 0% used [0x00000007ab400000,0x00000007ab400000,0x00000007ac400000)
 ParOldGen       total 69632K, used 18532K [0x0000000740000000, 0x0000000744400000, 0x0000000795580000)
  object space 69632K, 26% used [0x0000000740000000,0x0000000741219290,0x0000000744400000)
 Metaspace       used 37107K, capacity 37598K, committed 38144K, reserved 1083392K
  class space    used 4378K, capacity 4487K, committed 4608K, reserved 1048576K

Card table byte_map: [0x000000010f17e000,0x000000010f57f000] byte_map_base: 0x000000010b77e000

Marking Bits: (ParMarkBitMap*) 0x000000010e6dee20
 Begin Bits: [0x000000010f82a000, 0x000000011182a000)
 End Bits:   [0x000000011182a000, 0x000000011382a000)

Polling page: 0x000000010d5ec000

CodeCache: size=245760Kb used=14960Kb max_used=15347Kb free=230799Kb
 bounds [0x000000011b5ce000, 0x000000011c4ee000, 0x000000012a5ce000]
 total_blobs=4918 nmethods=4261 adapters=569
 compilation: enabled

Compilation events (10 events):
Event: 4158.225 Thread 0x00007f9485800800 5042   !   3       org.apache.catalina.loader.WebappClassLoaderBase::loadedByThisOrChild (145 bytes)
Event: 4158.238 Thread 0x00007f9485800800 nmethod 5042 0x000000011c4c29d0 code [0x000000011c4c2da0, 0x000000011c4c5598]
Event: 4158.242 Thread 0x00007f9485800800 5043       3       java.lang.reflect.Modifier::isVolatile (13 bytes)
Event: 4158.243 Thread 0x00007f9485800800 nmethod 5043 0x000000011c164d50 code [0x000000011c164ec0, 0x000000011c165050]
Event: 4158.248 Thread 0x00007f9485800800 5045       3       com.sun.jmx.interceptor.DefaultMBeanServerInterceptor::nonDefaultDomain (43 bytes)
Event: 4158.249 Thread 0x00007f9485800800 nmethod 5045 0x000000011c1634d0 code [0x000000011c163740, 0x000000011c1645e8]
Event: 4158.252 Thread 0x00007f9485800800 5044       1       org.apache.catalina.ContainerEvent::getType (5 bytes)
Event: 4158.252 Thread 0x00007f9485800800 nmethod 5044 0x000000011c163210 code [0x000000011c163360, 0x000000011c163470]
Event: 4158.728 Thread 0x00007f9485800800 5046       3       org.springframework.util.ConcurrentReferenceHashMap$EntryIterator::moveToNextSegment (55 bytes)
Event: 4158.729 Thread 0x00007f9485800800 nmethod 5046 0x000000011c162d10 code [0x000000011c162e80, 0x000000011c1630f0]

GC Heap History (10 events):
Event: 11.576 GC heap before
{Heap before GC invocations=11 (full 2):
 PSYoungGen      total 247296K, used 12576K [0x0000000795580000, 0x00000007ac500000, 0x00000007c0000000)
  eden space 231936K, 0% used [0x0000000795580000,0x0000000795580000,0x00000007a3800000)
  from space 15360K, 81% used [0x00000007a3800000,0x00000007a4448118,0x00000007a4700000)
  to   space 16384K, 0% used [0x00000007ab500000,0x00000007ab500000,0x00000007ac500000)
 ParOldGen       total 51200K, used 11495K [0x0000000740000000, 0x0000000743200000, 0x0000000795580000)
  object space 51200K, 22% used [0x0000000740000000,0x0000000740b39cb8,0x0000000743200000)
 Metaspace       used 34823K, capacity 35140K, committed 35496K, reserved 1081344K
  class space    used 4188K, capacity 4267K, committed 4352K, reserved 1048576K
Event: 11.669 GC heap after
Heap after GC invocations=11 (full 2):
 PSYoungGen      total 247296K, used 0K [0x0000000795580000, 0x00000007ac500000, 0x00000007c0000000)
  eden space 231936K, 0% used [0x0000000795580000,0x0000000795580000,0x00000007a3800000)
  from space 15360K, 0% used [0x00000007a3800000,0x00000007a3800000,0x00000007a4700000)
  to   space 16384K, 0% used [0x00000007ab500000,0x00000007ab500000,0x00000007ac500000)
 ParOldGen       total 69632K, used 21021K [0x0000000740000000, 0x0000000744400000, 0x0000000795580000)
  object space 69632K, 30% used [0x0000000740000000,0x0000000741487500,0x0000000744400000)
 Metaspace       used 34823K, capacity 35140K, committed 35496K, reserved 1081344K
  class space    used 4188K, capacity 4267K, committed 4352K, reserved 1048576K
}
Event: 3634.220 GC heap before
{Heap before GC invocations=12 (full 2):
 PSYoungGen      total 247296K, used 128118K [0x0000000795580000, 0x00000007ac500000, 0x00000007c0000000)
  eden space 231936K, 55% used [0x0000000795580000,0x000000079d29da70,0x00000007a3800000)
  from space 15360K, 0% used [0x00000007a3800000,0x00000007a3800000,0x00000007a4700000)
  to   space 16384K, 0% used [0x00000007ab500000,0x00000007ab500000,0x00000007ac500000)
 ParOldGen       total 69632K, used 21021K [0x0000000740000000, 0x0000000744400000, 0x0000000795580000)
  object space 69632K, 30% used [0x0000000740000000,0x0000000741487500,0x0000000744400000)
 Metaspace       used 36737K, capacity 37166K, committed 37632K, reserved 1083392K
  class space    used 4380K, capacity 4506K, committed 4608K, reserved 1048576K
Event: 3634.256 GC heap after
Heap after GC invocations=12 (full 2):
 PSYoungGen      total 358912K, used 1441K [0x0000000795580000, 0x00000007ac500000, 0x00000007c0000000)
  eden space 342528K, 0% used [0x0000000795580000,0x0000000795580000,0x00000007aa400000)
  from space 16384K, 8% used [0x00000007ab500000,0x00000007ab668518,0x00000007ac500000)
  to   space 16896K, 0% used [0x00000007aa400000,0x00000007aa400000,0x00000007ab480000)
 ParOldGen       total 69632K, used 21029K [0x0000000740000000, 0x0000000744400000, 0x0000000795580000)
  object space 69632K, 30% used [0x0000000740000000,0x0000000741489500,0x0000000744400000)
 Metaspace       used 36737K, capacity 37166K, committed 37632K, reserved 1083392K
  class space    used 4380K, capacity 4506K, committed 4608K, reserved 1048576K
}
Event: 3634.256 GC heap before
{Heap before GC invocations=13 (full 3):
 PSYoungGen      total 358912K, used 1441K [0x0000000795580000, 0x00000007ac500000, 0x00000007c0000000)
  eden space 342528K, 0% used [0x0000000795580000,0x0000000795580000,0x00000007aa400000)
  from space 16384K, 8% used [0x00000007ab500000,0x00000007ab668518,0x00000007ac500000)
  to   space 16896K, 0% used [0x00000007aa400000,0x00000007aa400000,0x00000007ab480000)
 ParOldGen       total 69632K, used 21029K [0x0000000740000000, 0x0000000744400000, 0x0000000795580000)
  object space 69632K, 30% used [0x0000000740000000,0x0000000741489500,0x0000000744400000)
 Metaspace       used 36737K, capacity 37166K, committed 37632K, reserved 1083392K
  class space    used 4380K, capacity 4506K, committed 4608K, reserved 1048576K
Event: 3634.536 GC heap after
Heap after GC invocations=13 (full 3):
 PSYoungGen      total 358912K, used 0K [0x0000000795580000, 0x00000007ac500000, 0x00000007c0000000)
  eden space 342528K, 0% used [0x0000000795580000,0x0000000795580000,0x00000007aa400000)
  from space 16384K, 0% used [0x00000007ab500000,0x00000007ab500000,0x00000007ac500000)
  to   space 16896K, 0% used [0x00000007aa400000,0x00000007aa400000,0x00000007ab480000)
 ParOldGen       total 69632K, used 16270K [0x0000000740000000, 0x0000000744400000, 0x0000000795580000)
  object space 69632K, 23% used [0x0000000740000000,0x0000000740fe38b8,0x0000000744400000)
 Metaspace       used 36569K, capacity 36884K, committed 37632K, reserved 1083392K
  class space    used 4350K, capacity 4451K, committed 4608K, reserved 1048576K
}
Event: 4158.254 GC heap before
{Heap before GC invocations=14 (full 3):
 PSYoungGen      total 358912K, used 202849K [0x0000000795580000, 0x00000007ac500000, 0x00000007c0000000)
  eden space 342528K, 59% used [0x0000000795580000,0x00000007a1b98708,0x00000007aa400000)
  from space 16384K, 0% used [0x00000007ab500000,0x00000007ab500000,0x00000007ac500000)
  to   space 16896K, 0% used [0x00000007aa400000,0x00000007aa400000,0x00000007ab480000)
 ParOldGen       total 69632K, used 16270K [0x0000000740000000, 0x0000000744400000, 0x0000000795580000)
  object space 69632K, 23% used [0x0000000740000000,0x0000000740fe38b8,0x0000000744400000)
 Metaspace       used 37109K, capacity 37604K, committed 38144K, reserved 1083392K
  class space    used 4379K, capacity 4489K, committed 4608K, reserved 1048576K
Event: 4158.324 GC heap after
Heap after GC invocations=14 (full 3):
 PSYoungGen      total 346624K, used 3897K [0x0000000795580000, 0x00000007ac400000, 0x00000007c0000000)
  eden space 342528K, 0% used [0x0000000795580000,0x0000000795580000,0x00000007aa400000)
  from space 4096K, 95% used [0x00000007aa400000,0x00000007aa7ce458,0x00000007aa800000)
  to   space 16384K, 0% used [0x00000007ab400000,0x00000007ab400000,0x00000007ac400000)
 ParOldGen       total 69632K, used 16270K [0x0000000740000000, 0x0000000744400000, 0x0000000795580000)
  object space 69632K, 23% used [0x0000000740000000,0x0000000740fe38b8,0x0000000744400000)
 Metaspace       used 37109K, capacity 37604K, committed 38144K, reserved 1083392K
  class space    used 4379K, capacity 4489K, committed 4608K, reserved 1048576K
}
Event: 4158.324 GC heap before
{Heap before GC invocations=15 (full 4):
 PSYoungGen      total 346624K, used 3897K [0x0000000795580000, 0x00000007ac400000, 0x00000007c0000000)
  eden space 342528K, 0% used [0x0000000795580000,0x0000000795580000,0x00000007aa400000)
  from space 4096K, 95% used [0x00000007aa400000,0x00000007aa7ce458,0x00000007aa800000)
  to   space 16384K, 0% used [0x00000007ab400000,0x00000007ab400000,0x00000007ac400000)
 ParOldGen       total 69632K, used 16270K [0x0000000740000000, 0x0000000744400000, 0x0000000795580000)
  object space 69632K, 23% used [0x0000000740000000,0x0000000740fe38b8,0x0000000744400000)
 Metaspace       used 37109K, capacity 37604K, committed 38144K, reserved 1083392K
  class space    used 4379K, capacity 4489K, committed 4608K, reserved 1048576K
Event: 4158.728 GC heap after
Heap after GC invocations=15 (full 4):
 PSYoungGen      total 346624K, used 0K [0x0000000795580000, 0x00000007ac400000, 0x00000007c0000000)
  eden space 342528K, 0% used [0x0000000795580000,0x0000000795580000,0x00000007aa400000)
  from space 4096K, 0% used [0x00000007aa400000,0x00000007aa400000,0x00000007aa800000)
  to   space 16384K, 0% used [0x00000007ab400000,0x00000007ab400000,0x00000007ac400000)
 ParOldGen       total 69632K, used 18532K [0x0000000740000000, 0x0000000744400000, 0x0000000795580000)
  object space 69632K, 26% used [0x0000000740000000,0x0000000741219290,0x0000000744400000)
 Metaspace       used 37107K, capacity 37598K, committed 38144K, reserved 1083392K
  class space    used 4378K, capacity 4487K, committed 4608K, reserved 1048576K
}

Deoptimization events (10 events):
Event: 3636.129 Thread 0x00007f94857c9000 Uncommon trap: reason=null_check action=make_not_entrant pc=0x000000011bf5df38 method=org.springframework.util.ClassUtils.isAssignable(Ljava/lang/Class;Ljava/lang/Class;)Z @ 14
Event: 3637.709 Thread 0x00007f94857c9000 Uncommon trap: reason=range_check action=make_not_entrant pc=0x000000011bfe8f88 method=java.lang.String.charAt(I)C @ 27
Event: 3639.687 Thread 0x00007f94924e7000 Uncommon trap: reason=unstable_if action=reinterpret pc=0x000000011c25f580 method=java.nio.channels.spi.AbstractSelector.begin()V @ 4
Event: 3639.704 Thread 0x00007f9492d19000 Uncommon trap: reason=unstable_if action=reinterpret pc=0x000000011c2554e4 method=java.nio.channels.spi.AbstractSelector.begin()V @ 4
Event: 3640.707 Thread 0x00007f9474c9f000 Uncommon trap: reason=unstable_if action=reinterpret pc=0x000000011c250db8 method=org.apache.tomcat.util.net.NioEndpoint$Poller.timeout(IZ)V @ 10
Event: 3640.707 Thread 0x00007f9492d19000 Uncommon trap: reason=unstable_if action=reinterpret pc=0x000000011c250db8 method=org.apache.tomcat.util.net.NioEndpoint$Poller.timeout(IZ)V @ 10
Event: 3933.607 Thread 0x00007f9485657800 Uncommon trap: reason=unstable_if action=reinterpret pc=0x000000011bf32c4c method=java.util.concurrent.ConcurrentHashMap.putVal(Ljava/lang/Object;Ljava/lang/Object;Z)Ljava/lang/Object; @ 331
Event: 3933.611 Thread 0x00007f9485657800 Uncommon trap: reason=unstable_if action=reinterpret pc=0x000000011c27dcf4 method=java.util.concurrent.ConcurrentHashMap.get(Ljava/lang/Object;)Ljava/lang/Object; @ 86
Event: 3933.614 Thread 0x00007f9485657800 Uncommon trap: reason=unstable_if action=reinterpret pc=0x000000011bab4f68 method=com.fasterxml.jackson.core.io.SerializedString.appendQuotedUTF8([BI)I @ 6
Event: 4158.075 Thread 0x00007f9474c9c000 Uncommon trap: reason=bimorphic action=maybe_recompile pc=0x000000011be2fff8 method=java.util.AbstractCollection.containsAll(Ljava/util/Collection;)Z @ 25

Internal exceptions (10 events):
Event: 3639.129 Thread 0x00007f94857c9000 Exception <a 'java/lang/ClassNotFoundException': nz/net/ultraq/thymeleaf/fragments/FragmentProcessorCustomizer> (0x000000079e6fca20) thrown at [/Users/java_re/workspace/8-2-build-macosx-x86_64/jdk8u60/4407/hotspot/src/share/vm/classfile/systemDictionary.c
Event: 3639.132 Thread 0x00007f94857c9000 Exception <a 'java/lang/ClassNotFoundException': nz/net/ultraq/thymeleaf/decorators/TitlePatternProcessorBeanInfo> (0x000000079e741010) thrown at [/Users/java_re/workspace/8-2-build-macosx-x86_64/jdk8u60/4407/hotspot/src/share/vm/classfile/systemDictionar
Event: 3639.133 Thread 0x00007f94857c9000 Exception <a 'java/lang/ClassNotFoundException': nz/net/ultraq/thymeleaf/decorators/TitlePatternProcessorCustomizer> (0x000000079e7598e8) thrown at [/Users/java_re/workspace/8-2-build-macosx-x86_64/jdk8u60/4407/hotspot/src/share/vm/classfile/systemDiction
Event: 3639.136 Thread 0x00007f94857c9000 Exception <a 'java/lang/ClassNotFoundException': nz/net/ultraq/thymeleaf/LayoutDialectBeanInfo> (0x000000079e79e0d8) thrown at [/Users/java_re/workspace/8-2-build-macosx-x86_64/jdk8u60/4407/hotspot/src/share/vm/classfile/systemDictionary.cpp, line 210]
Event: 3639.143 Thread 0x00007f94857c9000 Exception <a 'java/lang/ClassNotFoundException': org/thymeleaf/dialect/AbstractDialectBeanInfo> (0x000000079e7b1fd0) thrown at [/Users/java_re/workspace/8-2-build-macosx-x86_64/jdk8u60/4407/hotspot/src/share/vm/classfile/systemDictionary.cpp, line 210]
Event: 3639.161 Thread 0x00007f94857c9000 Exception <a 'java/lang/ClassNotFoundException': org/thymeleaf/dialect/AbstractDialectCustomizer> (0x000000079e7c6378) thrown at [/Users/java_re/workspace/8-2-build-macosx-x86_64/jdk8u60/4407/hotspot/src/share/vm/classfile/systemDictionary.cpp, line 210]
Event: 3639.166 Thread 0x00007f94857c9000 Exception <a 'java/lang/ClassNotFoundException': nz/net/ultraq/thymeleaf/LayoutDialectCustomizer> (0x000000079e7e4a40) thrown at [/Users/java_re/workspace/8-2-build-macosx-x86_64/jdk8u60/4407/hotspot/src/share/vm/classfile/systemDictionary.cpp, line 210]
Event: 3933.614 Thread 0x00007f9485657800 Implicit null exception at 0x000000011bab4ed6 to 0x000000011bab4f4d
Event: 4158.198 Thread 0x00007f94924ed800 Exception <a 'java/lang/InterruptedException': sleep interrupted> (0x000000079d8b61e0) thrown at [/Users/java_re/workspace/8-2-build-macosx-x86_64/jdk8u60/4407/hotspot/src/share/vm/prims/jvm.cpp, line 3215]
Event: 4158.245 Thread 0x00007f94853ad000 Exception <a 'java/lang/InterruptedException': sleep interrupted> (0x00000007a1a41ed0) thrown at [/Users/java_re/workspace/8-2-build-macosx-x86_64/jdk8u60/4407/hotspot/src/share/vm/prims/jvm.cpp, line 3215]

Events (10 events):
Event: 4158.730 Executing VM operation: RevokeBias
Event: 4158.730 Executing VM operation: RevokeBias done
Event: 4158.730 Executing VM operation: RevokeBias
Event: 4158.730 Executing VM operation: RevokeBias done
Event: 4158.731 Executing VM operation: RevokeBias
Event: 4158.731 Executing VM operation: RevokeBias done
Event: 4158.731 Executing VM operation: RevokeBias
Event: 4158.731 Executing VM operation: RevokeBias done
Event: 4158.732 Executing VM operation: RevokeBias
Event: 4158.732 Executing VM operation: RevokeBias done


Dynamic libraries:
0x000000002ca2e000 	/System/Library/Frameworks/Cocoa.framework/Versions/A/Cocoa
0x000000002ca2e000 	/System/Library/Frameworks/Security.framework/Versions/A/Security
0x000000002ca2e000 	/System/Library/Frameworks/ApplicationServices.framework/Versions/A/ApplicationServices
0x000000002ca2e000 	/usr/lib/libz.1.dylib
0x000000002ca2e000 	/usr/lib/libSystem.B.dylib
0x000000002ca2e000 	/usr/lib/libobjc.A.dylib
0x000000002ca2e000 	/System/Library/Frameworks/CoreFoundation.framework/Versions/A/CoreFoundation
0x000000002ca2e000 	/System/Library/Frameworks/Foundation.framework/Versions/C/Foundation
0x000000002ca2e000 	/System/Library/Frameworks/AppKit.framework/Versions/C/AppKit
0x000000002ca2e000 	/System/Library/Frameworks/CoreData.framework/Versions/A/CoreData
0x000000002ca2e000 	/System/Library/PrivateFrameworks/RemoteViewServices.framework/Versions/A/RemoteViewServices
0x000000002ca2e000 	/System/Library/PrivateFrameworks/UIFoundation.framework/Versions/A/UIFoundation
0x000000002ca2e000 	/usr/lib/libenergytrace.dylib
0x000000002ca2e000 	/System/Library/PrivateFrameworks/SkyLight.framework/Versions/A/SkyLight
0x000000002ca2e000 	/System/Library/Frameworks/CoreGraphics.framework/Versions/A/CoreGraphics
0x000000002ca2e000 	/usr/lib/libScreenReader.dylib
0x000000002ca2e000 	/System/Library/Frameworks/Accelerate.framework/Versions/A/Accelerate
0x000000002ca2e000 	/System/Library/Frameworks/IOSurface.framework/Versions/A/IOSurface
0x000000002ca2e000 	/System/Library/Frameworks/AudioToolbox.framework/Versions/A/AudioToolbox
0x000000002ca2e000 	/System/Library/Frameworks/AudioUnit.framework/Versions/A/AudioUnit
0x000000002ca2e000 	/System/Library/PrivateFrameworks/DataDetectorsCore.framework/Versions/A/DataDetectorsCore
0x000000002ca2e000 	/System/Library/PrivateFrameworks/DesktopServicesPriv.framework/Versions/A/DesktopServicesPriv
0x000000002ca2e000 	/System/Library/Frameworks/Carbon.framework/Versions/A/Frameworks/HIToolbox.framework/Versions/A/HIToolbox
0x000000002ca2e000 	/usr/lib/libicucore.A.dylib
0x000000002ca2e000 	/System/Library/Frameworks/QuartzCore.framework/Versions/A/QuartzCore
0x000000002ca2e000 	/System/Library/Frameworks/Carbon.framework/Versions/A/Frameworks/SpeechRecognition.framework/Versions/A/SpeechRecognition
0x000000002ca2e000 	/usr/lib/libauto.dylib
0x000000002ca2e000 	/usr/lib/libxml2.2.dylib
0x000000002ca2e000 	/System/Library/PrivateFrameworks/CoreUI.framework/Versions/A/CoreUI
0x000000002ca2e000 	/System/Library/Frameworks/CoreAudio.framework/Versions/A/CoreAudio
0x000000002ca2e000 	/System/Library/Frameworks/DiskArbitration.framework/Versions/A/DiskArbitration
0x000000002ca2e000 	/usr/lib/liblangid.dylib
0x000000002ca2e000 	/System/Library/PrivateFrameworks/MultitouchSupport.framework/Versions/A/MultitouchSupport
0x000000002ca2e000 	/System/Library/Frameworks/IOKit.framework/Versions/A/IOKit
0x000000002ca2e000 	/usr/lib/libDiagnosticMessagesClient.dylib
0x000000002ca2e000 	/System/Library/Frameworks/CoreServices.framework/Versions/A/CoreServices
0x000000002ca2e000 	/System/Library/PrivateFrameworks/PerformanceAnalysis.framework/Versions/A/PerformanceAnalysis
0x000000002ca2e000 	/System/Library/PrivateFrameworks/GenerationalStorage.framework/Versions/A/GenerationalStorage
0x000000002ca2e000 	/System/Library/Frameworks/OpenGL.framework/Versions/A/OpenGL
0x000000002ca2e000 	/System/Library/Frameworks/CoreImage.framework/Versions/A/CoreImage
0x000000002ca2e000 	/System/Library/Frameworks/CoreText.framework/Versions/A/CoreText
0x000000002ca2e000 	/System/Library/Frameworks/ImageIO.framework/Versions/A/ImageIO
0x000000002ca2e000 	/System/Library/PrivateFrameworks/Backup.framework/Versions/A/Backup
0x000000002ca2e000 	/usr/lib/libarchive.2.dylib
0x000000002ca2e000 	/System/Library/Frameworks/CFNetwork.framework/Versions/A/CFNetwork
0x000000002ca2e000 	/System/Library/Frameworks/SystemConfiguration.framework/Versions/A/SystemConfiguration
0x000000002ca2e000 	/usr/lib/libCRFSuite.dylib
0x000000002ca2e000 	/usr/lib/libc++.1.dylib
0x000000002ca2e000 	/usr/lib/libc++abi.dylib
0x000000002ca2e000 	/usr/lib/system/libcache.dylib
0x000000002ca2e000 	/usr/lib/system/libcommonCrypto.dylib
0x000000002ca2e000 	/usr/lib/system/libcompiler_rt.dylib
0x000000002ca2e000 	/usr/lib/system/libcopyfile.dylib
0x000000002ca2e000 	/usr/lib/system/libcorecrypto.dylib
0x000000002ca2e000 	/usr/lib/system/libdispatch.dylib
0x000000002ca2e000 	/usr/lib/system/libdyld.dylib
0x000000002ca2e000 	/usr/lib/system/libkeymgr.dylib
0x000000002ca2e000 	/usr/lib/system/liblaunch.dylib
0x000000002ca2e000 	/usr/lib/system/libmacho.dylib
0x000000002ca2e000 	/usr/lib/system/libquarantine.dylib
0x000000002ca2e000 	/usr/lib/system/libremovefile.dylib
0x000000002ca2e000 	/usr/lib/system/libsystem_asl.dylib
0x000000002ca2e000 	/usr/lib/system/libsystem_blocks.dylib
0x000000002ca2e000 	/usr/lib/system/libsystem_c.dylib
0x000000002ca2e000 	/usr/lib/system/libsystem_configuration.dylib
0x000000002ca2e000 	/usr/lib/system/libsystem_coreservices.dylib
0x000000002ca2e000 	/usr/lib/system/libsystem_coretls.dylib
0x000000002ca2e000 	/usr/lib/system/libsystem_dnssd.dylib
0x000000002ca2e000 	/usr/lib/system/libsystem_info.dylib
0x000000002ca2e000 	/usr/lib/system/libsystem_kernel.dylib
0x000000002ca2e000 	/usr/lib/system/libsystem_m.dylib
0x000000002ca2e000 	/usr/lib/system/libsystem_malloc.dylib
0x000000002ca2e000 	/usr/lib/system/libsystem_network.dylib
0x000000002ca2e000 	/usr/lib/system/libsystem_networkextension.dylib
0x000000002ca2e000 	/usr/lib/system/libsystem_notify.dylib
0x000000002ca2e000 	/usr/lib/system/libsystem_platform.dylib
0x000000002ca2e000 	/usr/lib/system/libsystem_pthread.dylib
0x000000002ca2e000 	/usr/lib/system/libsystem_sandbox.dylib
0x000000002ca2e000 	/usr/lib/system/libsystem_secinit.dylib
0x000000002ca2e000 	/usr/lib/system/libsystem_symptoms.dylib
0x000000002ca2e000 	/usr/lib/system/libsystem_trace.dylib
0x000000002ca2e000 	/usr/lib/system/libunwind.dylib
0x000000002ca2e000 	/usr/lib/system/libxpc.dylib
0x000000002ca2e000 	/usr/lib/libbsm.0.dylib
0x000000002ca2e000 	/usr/lib/system/libkxld.dylib
0x000000002ca2e000 	/usr/lib/libcoretls.dylib
0x000000002ca2e000 	/usr/lib/libcoretls_cfhelpers.dylib
0x000000002ca2e000 	/usr/lib/libxar.1.dylib
0x000000002ca2e000 	/usr/lib/libsqlite3.dylib
0x000000002ca2e000 	/usr/lib/libpam.2.dylib
0x000000002ca2e000 	/usr/lib/libOpenScriptingUtil.dylib
0x000000002ca2e000 	/usr/lib/libbz2.1.0.dylib
0x000000002ca2e000 	/usr/lib/liblzma.5.dylib
0x000000002ca2e000 	/usr/lib/libnetwork.dylib
0x000000002ca2e000 	/usr/lib/libpcap.A.dylib
0x000000002ca2e000 	/System/Library/Frameworks/CoreServices.framework/Versions/A/Frameworks/FSEvents.framework/Versions/A/FSEvents
0x000000002ca2e000 	/System/Library/Frameworks/CoreServices.framework/Versions/A/Frameworks/CarbonCore.framework/Versions/A/CarbonCore
0x000000002ca2e000 	/System/Library/Frameworks/CoreServices.framework/Versions/A/Frameworks/Metadata.framework/Versions/A/Metadata
0x000000002ca2e000 	/System/Library/Frameworks/CoreServices.framework/Versions/A/Frameworks/OSServices.framework/Versions/A/OSServices
0x000000002ca2e000 	/System/Library/Frameworks/CoreServices.framework/Versions/A/Frameworks/SearchKit.framework/Versions/A/SearchKit
0x000000002ca2e000 	/System/Library/Frameworks/CoreServices.framework/Versions/A/Frameworks/AE.framework/Versions/A/AE
0x000000002ca2e000 	/System/Library/Frameworks/CoreServices.framework/Versions/A/Frameworks/LaunchServices.framework/Versions/A/LaunchServices
0x000000002ca2e000 	/System/Library/Frameworks/CoreServices.framework/Versions/A/Frameworks/DictionaryServices.framework/Versions/A/DictionaryServices
0x000000002ca2e000 	/System/Library/Frameworks/CoreServices.framework/Versions/A/Frameworks/SharedFileList.framework/Versions/A/SharedFileList
0x000000002ca2e000 	/System/Library/Frameworks/NetFS.framework/Versions/A/NetFS
0x000000002ca2e000 	/System/Library/PrivateFrameworks/NetAuth.framework/Versions/A/NetAuth
0x000000002ca2e000 	/System/Library/PrivateFrameworks/login.framework/Versions/A/Frameworks/loginsupport.framework/Versions/A/loginsupport
0x000000002ca2e000 	/System/Library/PrivateFrameworks/TCC.framework/Versions/A/TCC
0x000000002ca2e000 	/usr/lib/libmecabra.dylib
0x000000002ca2e000 	/System/Library/Frameworks/ApplicationServices.framework/Versions/A/Frameworks/ATS.framework/Versions/A/ATS
0x000000002ca2e000 	/System/Library/Frameworks/ApplicationServices.framework/Versions/A/Frameworks/ColorSync.framework/Versions/A/ColorSync
0x000000002ca2e000 	/System/Library/Frameworks/ApplicationServices.framework/Versions/A/Frameworks/HIServices.framework/Versions/A/HIServices
0x000000002ca2e000 	/System/Library/Frameworks/ApplicationServices.framework/Versions/A/Frameworks/LangAnalysis.framework/Versions/A/LangAnalysis
0x000000002ca2e000 	/System/Library/Frameworks/ApplicationServices.framework/Versions/A/Frameworks/PrintCore.framework/Versions/A/PrintCore
0x000000002ca2e000 	/System/Library/Frameworks/ApplicationServices.framework/Versions/A/Frameworks/QD.framework/Versions/A/QD
0x000000002ca2e000 	/System/Library/Frameworks/ApplicationServices.framework/Versions/A/Frameworks/SpeechSynthesis.framework/Versions/A/SpeechSynthesis
0x000000002ca2e000 	/System/Library/Frameworks/Accelerate.framework/Versions/A/Frameworks/vImage.framework/Versions/A/vImage
0x000000002ca2e000 	/System/Library/Frameworks/Accelerate.framework/Versions/A/Frameworks/vecLib.framework/Versions/A/vecLib
0x000000002ca2e000 	/System/Library/Frameworks/Accelerate.framework/Versions/A/Frameworks/vecLib.framework/Versions/A/libvDSP.dylib
0x000000002ca2e000 	/System/Library/Frameworks/Accelerate.framework/Versions/A/Frameworks/vecLib.framework/Versions/A/libBNNS.dylib
0x000000002ca2e000 	/System/Library/Frameworks/Accelerate.framework/Versions/A/Frameworks/vecLib.framework/Versions/A/libQuadrature.dylib
0x000000002ca2e000 	/System/Library/Frameworks/Accelerate.framework/Versions/A/Frameworks/vecLib.framework/Versions/A/libvMisc.dylib
0x000000002ca2e000 	/System/Library/Frameworks/Accelerate.framework/Versions/A/Frameworks/vecLib.framework/Versions/A/libLAPACK.dylib
0x000000002ca2e000 	/System/Library/Frameworks/Accelerate.framework/Versions/A/Frameworks/vecLib.framework/Versions/A/libBLAS.dylib
0x000000002ca2e000 	/System/Library/Frameworks/Accelerate.framework/Versions/A/Frameworks/vecLib.framework/Versions/A/libLinearAlgebra.dylib
0x000000002ca2e000 	/System/Library/Frameworks/Accelerate.framework/Versions/A/Frameworks/vecLib.framework/Versions/A/libSparseBLAS.dylib
0x000000002ca2e000 	/System/Library/Frameworks/ApplicationServices.framework/Versions/A/Frameworks/ATS.framework/Versions/A/Resources/libFontParser.dylib
0x000000002ca2e000 	/System/Library/Frameworks/ApplicationServices.framework/Versions/A/Frameworks/ATS.framework/Versions/A/Resources/libFontRegistry.dylib
0x000000002ca2e000 	/System/Library/Frameworks/ImageIO.framework/Versions/A/Resources/libJPEG.dylib
0x000000002ca2e000 	/System/Library/Frameworks/ImageIO.framework/Versions/A/Resources/libTIFF.dylib
0x000000002ca2e000 	/System/Library/Frameworks/ImageIO.framework/Versions/A/Resources/libPng.dylib
0x000000002ca2e000 	/System/Library/Frameworks/ImageIO.framework/Versions/A/Resources/libGIF.dylib
0x000000002ca2e000 	/System/Library/Frameworks/ImageIO.framework/Versions/A/Resources/libJP2.dylib
0x000000002ca2e000 	/System/Library/Frameworks/ImageIO.framework/Versions/A/Resources/libRadiance.dylib
0x000000002ca2e000 	/usr/lib/libcompression.dylib
0x000000002ca2e000 	/System/Library/PrivateFrameworks/AppleJPEG.framework/Versions/A/AppleJPEG
0x000000002ca2e000 	/usr/lib/libcups.2.dylib
0x000000002ca2e000 	/System/Library/Frameworks/Kerberos.framework/Versions/A/Kerberos
0x000000002ca2e000 	/System/Library/Frameworks/GSS.framework/Versions/A/GSS
0x000000002ca2e000 	/usr/lib/libresolv.9.dylib
0x000000002ca2e000 	/usr/lib/libiconv.2.dylib
0x000000002ca2e000 	/System/Library/PrivateFrameworks/Heimdal.framework/Versions/A/Heimdal
0x000000002ca2e000 	/usr/lib/libheimdal-asn1.dylib
0x000000002ca2e000 	/System/Library/Frameworks/OpenDirectory.framework/Versions/A/OpenDirectory
0x000000002ca2e000 	/System/Library/PrivateFrameworks/CommonAuth.framework/Versions/A/CommonAuth
0x000000002ca2e000 	/System/Library/Frameworks/OpenDirectory.framework/Versions/A/Frameworks/CFOpenDirectory.framework/Versions/A/CFOpenDirectory
0x000000002ca2e000 	/System/Library/Frameworks/SecurityFoundation.framework/Versions/A/SecurityFoundation
0x000000002ca2e000 	/System/Library/PrivateFrameworks/LanguageModeling.framework/Versions/A/LanguageModeling
0x000000002ca2e000 	/usr/lib/libmarisa.dylib
0x000000002ca2e000 	/usr/lib/libChineseTokenizer.dylib
0x000000002ca2e000 	/usr/lib/libcmph.dylib
0x000000002ca2e000 	/System/Library/PrivateFrameworks/CoreEmoji.framework/Versions/A/CoreEmoji
0x000000002ca2e000 	/System/Library/Frameworks/ServiceManagement.framework/Versions/A/ServiceManagement
0x000000002ca2e000 	/usr/lib/libxslt.1.dylib
0x000000002ca2e000 	/System/Library/Frameworks/Carbon.framework/Versions/A/Frameworks/Ink.framework/Versions/A/Ink
0x000000002ca2e000 	/System/Library/PrivateFrameworks/TextureIO.framework/Versions/A/TextureIO
0x000000002ca2e000 	/System/Library/Frameworks/Metal.framework/Versions/A/Metal
0x000000002ca2e000 	/usr/lib/libate.dylib
0x000000002ca2e000 	/System/Library/PrivateFrameworks/GPUCompiler.framework/libmetal_timestamp.dylib
0x000000002ca2e000 	/System/Library/Frameworks/OpenGL.framework/Versions/A/Libraries/libCoreFSCache.dylib
0x000000002ca2e000 	/System/Library/PrivateFrameworks/IOAccelerator.framework/Versions/A/IOAccelerator
0x000000002ca2e000 	/System/Library/Frameworks/CoreVideo.framework/Versions/A/CoreVideo
0x000000002ca2e000 	/usr/lib/libFosl_dynamic.dylib
0x000000002ca2e000 	/System/Library/PrivateFrameworks/MetalPerformanceShaders.framework/Versions/A/MetalPerformanceShaders
0x000000002ca2e000 	/System/Library/PrivateFrameworks/FaceCore.framework/Versions/A/FaceCore
0x000000002ca2e000 	/System/Library/Frameworks/OpenCL.framework/Versions/A/OpenCL
0x000000002ca2e000 	/System/Library/Frameworks/OpenGL.framework/Versions/A/Libraries/libGLU.dylib
0x000000002ca2e000 	/System/Library/Frameworks/OpenGL.framework/Versions/A/Libraries/libGFXShared.dylib
0x000000002ca2e000 	/System/Library/Frameworks/OpenGL.framework/Versions/A/Libraries/libGL.dylib
0x000000002ca2e000 	/System/Library/Frameworks/OpenGL.framework/Versions/A/Libraries/libGLImage.dylib
0x000000002ca2e000 	/System/Library/Frameworks/OpenGL.framework/Versions/A/Libraries/libCVMSPluginSupport.dylib
0x000000002ca2e000 	/System/Library/Frameworks/OpenGL.framework/Versions/A/Libraries/libCoreVMClient.dylib
0x000000002ca2e000 	/System/Library/PrivateFrameworks/CrashReporterSupport.framework/Versions/A/CrashReporterSupport
0x000000002ca2e000 	/System/Library/PrivateFrameworks/Sharing.framework/Versions/A/Sharing
0x000000002ca2e000 	/System/Library/PrivateFrameworks/IconServices.framework/Versions/A/IconServices
0x000000002ca2e000 	/System/Library/PrivateFrameworks/ProtocolBuffer.framework/Versions/A/ProtocolBuffer
0x000000002ca2e000 	/System/Library/PrivateFrameworks/Apple80211.framework/Versions/A/Apple80211
0x000000002ca2e000 	/System/Library/Frameworks/CoreWLAN.framework/Versions/A/CoreWLAN
0x000000002ca2e000 	/System/Library/PrivateFrameworks/CoreUtils.framework/Versions/A/CoreUtils
0x000000002ca2e000 	/System/Library/Frameworks/IOBluetooth.framework/Versions/A/IOBluetooth
0x000000002ca2e000 	/System/Library/PrivateFrameworks/CoreWiFi.framework/Versions/A/CoreWiFi
0x000000002ca2e000 	/System/Library/Frameworks/CoreBluetooth.framework/Versions/A/CoreBluetooth
0x000000002ca2e000 	/System/Library/Frameworks/CoreDisplay.framework/Versions/A/CoreDisplay
0x000000002ca2e000 	/System/Library/PrivateFrameworks/IOPresentment.framework/Versions/A/IOPresentment
0x000000002ca2e000 	/System/Library/PrivateFrameworks/DebugSymbols.framework/Versions/A/DebugSymbols
0x000000002ca2e000 	/System/Library/PrivateFrameworks/CoreSymbolication.framework/Versions/A/CoreSymbolication
0x000000002ca2e000 	/System/Library/PrivateFrameworks/Symbolication.framework/Versions/A/Symbolication
0x000000002ca2e000 	/System/Library/PrivateFrameworks/AppleFSCompression.framework/Versions/A/AppleFSCompression
0x000000002ca2e000 	/System/Library/PrivateFrameworks/SpeechRecognitionCore.framework/Versions/A/SpeechRecognitionCore
0x000000002ca2e000 	/System/Library/PrivateFrameworks/ChunkingLibrary.framework/Versions/A/ChunkingLibrary
0x000000010de00000 	/Library/Java/JavaVirtualMachines/jdk1.8.0_60.jdk/Contents/Home/jre/lib/server/libjvm.dylib
0x000000002ca2e000 	/usr/lib/libstdc++.6.dylib
0x000000010d5de000 	/Library/Java/JavaVirtualMachines/jdk1.8.0_60.jdk/Contents/Home/jre/lib/libverify.dylib
0x000000010ed89000 	/Library/Java/JavaVirtualMachines/jdk1.8.0_60.jdk/Contents/Home/jre/lib/libjava.dylib
0x000000010d5f6000 	/Library/Java/JavaVirtualMachines/jdk1.8.0_60.jdk/Contents/Home/jre/lib/libzip.dylib
0x0000000115720000 	/System/Library/Frameworks/JavaVM.framework/Frameworks/JavaRuntimeSupport.framework/JavaRuntimeSupport
0x000000011573a000 	/System/Library/Frameworks/JavaVM.framework/Versions/A/Frameworks/JavaNativeFoundation.framework/Versions/A/JavaNativeFoundation
0x000000011574f000 	/System/Library/Frameworks/JavaVM.framework/Versions/A/JavaVM
0x000000002ca2e000 	/System/Library/Frameworks/Carbon.framework/Versions/A/Carbon
0x000000011575c000 	/System/Library/PrivateFrameworks/JavaLaunching.framework/Versions/A/JavaLaunching
0x000000002ca2e000 	/System/Library/Frameworks/Carbon.framework/Versions/A/Frameworks/CommonPanels.framework/Versions/A/CommonPanels
0x000000002ca2e000 	/System/Library/Frameworks/Carbon.framework/Versions/A/Frameworks/Help.framework/Versions/A/Help
0x000000002ca2e000 	/System/Library/Frameworks/Carbon.framework/Versions/A/Frameworks/ImageCapture.framework/Versions/A/ImageCapture
0x000000002ca2e000 	/System/Library/Frameworks/Carbon.framework/Versions/A/Frameworks/OpenScripting.framework/Versions/A/OpenScripting
0x000000002ca2e000 	/System/Library/Frameworks/Carbon.framework/Versions/A/Frameworks/Print.framework/Versions/A/Print
0x000000002ca2e000 	/System/Library/Frameworks/Carbon.framework/Versions/A/Frameworks/SecurityHI.framework/Versions/A/SecurityHI
0x0000000117365000 	/Applications/IntelliJ IDEA.app/Contents/bin/libbreakgen64.jnilib
0x0000000117368000 	/Library/Java/JavaVirtualMachines/jdk1.8.0_60.jdk/Contents/Home/jre/lib/libnet.dylib
0x00000001174fe000 	/Library/Java/JavaVirtualMachines/jdk1.8.0_60.jdk/Contents/Home/jre/lib/libmanagement.dylib
0x0000000117602000 	/Library/Java/JavaVirtualMachines/jdk1.8.0_60.jdk/Contents/Home/jre/lib/libnio.dylib
0x0000000118fb4000 	/private/var/folders/r4/42v8yrdx6g527pswx_8lct6w0000gn/T/sqlite-3.8.11.2-08a51df6-4fc3-4be1-ad7b-0a1a1963c3e6-libsqlitejdbc.jnilib

VM Arguments:
jvm_args: -Didea.launcher.port=7532 -Didea.launcher.bin.path=/Applications/IntelliJ IDEA.app/Contents/bin -Dfile.encoding=UTF-8 
java_command: com.intellij.rt.execution.application.AppMain edu.utdallas.c3search.Application
java_class_path (initial): /Library/Java/JavaVirtualMachines/jdk1.8.0_60.jdk/Contents/Home/jre/lib/charsets.jar:/Library/Java/JavaVirtualMachines/jdk1.8.0_60.jdk/Contents/Home/jre/lib/deploy.jar:/Library/Java/JavaVirtualMachines/jdk1.8.0_60.jdk/Contents/Home/jre/lib/ext/cldrdata.jar:/Library/Java/JavaVirtualMachines/jdk1.8.0_60.jdk/Contents/Home/jre/lib/ext/dnsns.jar:/Library/Java/JavaVirtualMachines/jdk1.8.0_60.jdk/Contents/Home/jre/lib/ext/jaccess.jar:/Library/Java/JavaVirtualMachines/jdk1.8.0_60.jdk/Contents/Home/jre/lib/ext/jfxrt.jar:/Library/Java/JavaVirtualMachines/jdk1.8.0_60.jdk/Contents/Home/jre/lib/ext/localedata.jar:/Library/Java/JavaVirtualMachines/jdk1.8.0_60.jdk/Contents/Home/jre/lib/ext/nashorn.jar:/Library/Java/JavaVirtualMachines/jdk1.8.0_60.jdk/Contents/Home/jre/lib/ext/sunec.jar:/Library/Java/JavaVirtualMachines/jdk1.8.0_60.jdk/Contents/Home/jre/lib/ext/sunjce_provider.jar:/Library/Java/JavaVirtualMachines/jdk1.8.0_60.jdk/Contents/Home/jre/lib/ext/sunpkcs11.jar:/Library/Java/JavaVirtualMachines/jdk1.8.0_60.jdk/Contents/Home/jre/lib/ext/zipfs.jar:/Library/Java/JavaVirtualMachines/jdk1.8.0_60.jdk/Contents/Home/jre/lib/javaws.jar:/Library/Java/JavaVirtualMachines/jdk1.8.0_60.jdk/Contents/Home/jre/lib/jce.jar:/Library/Java/JavaVirtualMachines/jdk1.8.0_60.jdk/Contents/Home/jre/lib/jfr.jar:/Library/Java/JavaVirtualMachines/jdk1.8.0_60.jdk/Contents/Home/jre/lib/jfxswt.jar:/Library/Java/JavaVirtualMachines/jdk1.8.0_60.jdk/Contents/Home/jre/lib/jsse.jar:/Library/Java/JavaVirtualMachines/jdk1.8.0_60.jdk/Contents/Home/jre/lib/management-agent.jar:/Library/Java/JavaVirtualMachines/jdk1.8.0_60.jdk/Contents/Home/jre/lib/plugin.jar:/Library/Java/JavaVirtualMachines/jdk1.8.0_60.jdk/Contents/Home/jre/lib/resources.jar:/Library/Java/JavaVirtualMachines/jdk1.8.0_60.jdk/Contents/Home/jre/lib/rt.jar:/Library/Java/JavaVirtualMachines/jdk1.8.0_60.jdk/Contents/Home/lib/ant-javafx.jar:/Library/Java/JavaVirtualMachines/jdk1.8.0_60.jdk/Contents/Home/lib/dt.jar:/Library/Ja
Launcher Type: SUN_STANDARD

Environment Variables:
JAVA_HOME=/Library/Java/JavaVirtualMachines/jdk1.8.0_60.jdk/Contents/Home
PATH=/Users/Shadow/Developer/lib:/usr/local/mysql/bin:/Users/Shadow/.swiftenv/shims:/Users/Shadow/.swiftenv/bin:/usr/local/bin:/usr/bin:/bin:/usr/sbin:/sbin:/usr/local/mvn/bin:/usr/local/git/bin:/Users/Shadow/.vimpkg/bin
SHELL=/bin/bash

Signal Handlers:
SIGSEGV: [libjvm.dylib+0x5a6d31], sa_mask[0]=11111111011111110111111111111111, sa_flags=SA_ONSTACK|SA_RESTART|SA_SIGINFO
SIGBUS: [libjvm.dylib+0x5a6d31], sa_mask[0]=11111111011111110111111111111111, sa_flags=SA_RESTART|SA_SIGINFO
SIGFPE: [libjvm.dylib+0x480a4c], sa_mask[0]=11111111011111110111111111111111, sa_flags=SA_RESTART|SA_SIGINFO
SIGPIPE: [libjvm.dylib+0x480a4c], sa_mask[0]=11111111011111110111111111111111, sa_flags=SA_RESTART|SA_SIGINFO
SIGXFSZ: [libjvm.dylib+0x480a4c], sa_mask[0]=11111111011111110111111111111111, sa_flags=SA_RESTART|SA_SIGINFO
SIGILL: [libjvm.dylib+0x480a4c], sa_mask[0]=11111111011111110111111111111111, sa_flags=SA_RESTART|SA_SIGINFO
SIGUSR1: SIG_DFL, sa_mask[0]=00000000000000000000000000000000, sa_flags=none
SIGUSR2: [libjvm.dylib+0x48056a], sa_mask[0]=00100000000000000000000000000000, sa_flags=SA_RESTART|SA_SIGINFO
SIGHUP: [libjvm.dylib+0x47eb41], sa_mask[0]=11111111011111110111111111111111, sa_flags=SA_RESTART|SA_SIGINFO
SIGINT: [libjvm.dylib+0x47eb41], sa_mask[0]=11111111011111110111111111111111, sa_flags=SA_RESTART|SA_SIGINFO
SIGTERM: [libjvm.dylib+0x47eb41], sa_mask[0]=11111111011111110111111111111111, sa_flags=SA_RESTART|SA_SIGINFO
SIGQUIT: [libjvm.dylib+0x47eb41], sa_mask[0]=11111111011111110111111111111111, sa_flags=SA_RESTART|SA_SIGINFO


---------------  S Y S T E M  ---------------

OS:Bsduname:Darwin 16.1.0 Darwin Kernel Version 16.1.0: Thu Oct 13 21:26:57 PDT 2016; root:xnu-3789.21.3~60/RELEASE_X86_64 x86_64
rlimit: STACK 8192k, CORE 0k, NPROC 709, NOFILE 10240, AS infinity
load average:3.22 2.88 2.72

CPU:total 4 (2 cores per cpu, 2 threads per core) family 6 model 61 stepping 4, cmov, cx8, fxsr, mmx, sse, sse2, sse3, ssse3, sse4.1, sse4.2, popcnt, avx, avx2, aes, clmul, erms, 3dnowpref, lzcnt, ht, tsc, tscinvbit, bmi1, bmi2, adx

Memory: 4k page, physical 8388608k(33524k free)

/proc/meminfo:


vm_info: Java HotSpot(TM) 64-Bit Server VM (25.60-b23) for bsd-amd64 JRE (1.8.0_60-b27), built on Aug  4 2015 10:47:24 by "java_re" with gcc 4.2.1 (Based on Apple Inc. build 5658) (LLVM build 2336.11.00)

time: Thu Dec  1 03:27:09 2016
elapsed time: 4158 seconds (0d 1h 9m 18s)

